<?xml version="1.0" encoding="UTF-8"?>
<!-- Generated by org.testng.reporters.JUnitXMLReporter -->
<testsuite ignored="0" hostname="DESKTOP-834EPH1" failures="1" tests="3" name="Titles" time="27.717" errors="0" timestamp="2022-05-19T14:37:03 IST">
  <testcase classname="E2EProject.validateTitle" name="PageNavigation" time="0.342"/>
  <testcase classname="E2EProject.validateTitle" name="title" time="0.086">
    <failure type="java.lang.AssertionError" message="expected [FEATURED COURSES12] but found [FEATURED COURSES]">
      <![CDATA[java.lang.AssertionError: expected [FEATURED COURSES12] but found [FEATURED COURSES]
at E2EProject.validateTitle.title(validateTitle.java:40)
at java.base/java.util.ArrayList.forEach(ArrayList.java:1511)
... Removed 33 stack frames]]>
    </failure>
  </testcase> <!-- title -->
  <testcase classname="E2EProject.validateTitle" name="title1" time="0.048"/>
</testsuite> <!-- Titles -->
